#
# A fatal error has been detected by the Java Runtime Environment:
#
#  SIGSEGV (0xb) at pc=0x0000000121de65dd, pid=4339, tid=1299
#
# JRE version: Java(TM) SE Runtime Environment (8.0_51-b16) (build 1.8.0_51-b16)
# Java VM: Java HotSpot(TM) 64-Bit Server VM (25.51-b03 mixed mode bsd-amd64 compressed oops)
# Problematic frame:
# C  [libglass.dylib+0x155dd]  GlassScreenDidChangeScreenParameters+0x9d
#
# Failed to write core dump. Core dumps have been disabled. To enable core dumping, try "ulimit -c unlimited" before starting Java again
#
# If you would like to submit a bug report, please visit:
#   http://bugreport.java.com/bugreport/crash.jsp
#

---------------  T H R E A D  ---------------

Current thread is native thread

siginfo: si_signo: 11 (SIGSEGV), si_code: 1 (SEGV_MAPERR), si_addr: 0x0000000000000000

Registers:
RAX=0x0000000121e18bc0, RBX=0x0000000000000000, RCX=0x1700b762adadd346, RDX=0x00007f843863ee38
RSP=0x00007fff583ecf40, RBP=0x00007fff583ecf50, RSI=0x00007f8438706528, RDI=0x0000000000000000
R8 =0x00007fff583ecdf0, R9 =0x00007fff749c9300, R10=0x0000000000000000, R11=0x0000000000000246
R12=0x00007f843850c0d0, R13=0x00000000000f426a, R14=0x00007f843876f4a0, R15=0x00007fff583ed090
RIP=0x0000000121de65dd, EFLAGS=0x0000000000010202, ERR=0x0000000000000004
  TRAPNO=0x000000000000000e

Top of Stack: (sp=0x00007fff583ecf40)
0x00007fff583ecf40:   00007fff583ed120 00007f843876f4a0
0x00007fff583ecf50:   00007fff583ecf60 00007fff9054145c
0x00007fff583ecf60:   00007fff583ed2c0 00007fff90431634
0x00007fff583ecf70:   00007fff583ecfc0 0000000000000000
0x00007fff583ecf80:   00007fff752d1ed0 00007f842ed06c10
0x00007fff583ecf90:   0000000000001000 0000000000000900
0x00007fff583ecfa0:   00007f842ed06c10 00007f843876f4a0
0x00007fff583ecfb0:   0000000000000000 00007fff583ed090
0x00007fff583ecfc0:   0000000000000000 00007f843876f460
0x00007fff583ecfd0:   00007fff583ed110 0000000000000060
0x00007fff583ecfe0:   00000000000f4329 00007f842ec84880
0x00007fff583ecff0:   00007f84386511b0 00007f843850c0d0
0x00007fff583ed000:   0000000000000001 00000000000f426a
0x00007fff583ed010:   00007f843850c0c0 00007fff8e150acb
0x00007fff583ed020:   0000000000000001 0000000000000001
0x00007fff583ed030:   0000000000000030 0000000000000001
0x00007fff583ed040:   00007fff583ed060 00007fff8e156231
0x00007fff583ed050:   00007fff752cffb0 0000000000000000
0x00007fff583ed060:   00007fff583ed080 000000000000001f
0x00007fff583ed070:   000647033a47a000 00007f843850c0f4
0x00007fff583ed080:   0000000000000000 00007fff9042710f
0x00007fff583ed090:   00007f843876f4a0 00007fff752cffb0
0x00007fff583ed0a0:   00007fff583ed120 00007fff9042fc3f
0x00007fff583ed0b0:   ffffffffffffffff 0000206000000040
0x00007fff583ed0c0:   000000010782da00 0000000000000002
0x00007fff583ed0d0:   000000010782a000 00007f843acbb772
0x00007fff583ed0e0:   0000000000000003 000000010782da00
0x00007fff583ed0f0:   00007fff583ed1e0 00007fff8e14f2a2
0x00007fff583ed100:   00007f8438650d40 00007fff583ed2c8
0x00007fff583ed110:   0000000000000017 0000000000000000
0x00007fff583ed120:   00000000000f426a 00007fff90427403
0x00007fff583ed130:   00007fff00000000 00007f843843fa90 

Instructions: (pc=0x0000000121de65dd)
0x0000000121de65bd:   89 df 4c 89 f1 41 ff 90 68 04 00 00 48 8d 05 f8
0x0000000121de65cd:   24 03 00 48 8b 30 48 8d 05 e6 25 03 00 48 8b 10
0x0000000121de65dd:   48 8b 0b 30 c0 48 89 df ff 91 68 04 00 00 48 8b
0x0000000121de65ed:   03 48 89 df ff 50 78 48 85 c0 74 36 49 89 c6 48 

Register to memory mapping:

RAX=0x0000000121e18bc0: jScreenNotifySettingsChanged+0 in /Library/Java/JavaVirtualMachines/jdk1.8.0_51.jdk/Contents/Home/jre/lib/libglass.dylib at 0x0000000121dd1000
RBX=0x0000000000000000 is an unknown value
RCX=0x1700b762adadd346 is an unknown value
RDX=0x00007f843863ee38 is an unknown value
RSP=0x00007fff583ecf40 is an unknown value
RBP=0x00007fff583ecf50 is an unknown value
RSI=0x00007f8438706528 is a global jni handle
RDI=0x0000000000000000 is an unknown value
R8 =0x00007fff583ecdf0 is an unknown value
R9 =0x00007fff749c9300: _thread+0 in /usr/lib/system/libsystem_pthread.dylib at 0x00007fff8ccca000
R10=0x0000000000000000 is an unknown value
R11=0x0000000000000246 is an unknown value
R12=0x00007f843850c0d0 is an unknown value
R13=0x00000000000f426a is an unknown value
R14=0x00007f843876f4a0 is an unknown value
R15=0x00007fff583ed090 is an unknown value


Stack: [0x00007fff57bf1000,0x00007fff583f1000],  sp=0x00007fff583ecf40,  free space=8175k
Native frames: (J=compiled Java code, j=interpreted, Vv=VM code, C=native code)
C  [libglass.dylib+0x155dd]  GlassScreenDidChangeScreenParameters+0x9d
C  [CoreFoundation+0x12045c]  __CFNOTIFICATIONCENTER_IS_CALLING_OUT_TO_AN_OBSERVER__+0xc
C  [CoreFoundation+0x10634]  _CFXNotificationPost+0xc44
C  [Foundation+0x79d1]  -[NSNotificationCenter postNotificationName:object:userInfo:]+0x42
C  [AppKit+0x40df7e]  -[NSApplication _reactToScreenInvalidationImmediately:]+0x17b
C  [AppKit+0x40ddc7]  __44-[NSApplication _reactToScreenInvalidation:]_block_invoke+0x4b
C  [CoreFoundation+0x808ec]  __CFRUNLOOP_IS_CALLING_OUT_TO_A_BLOCK__+0xc
C  [CoreFoundation+0x729f5]  __CFRunLoopDoBlocks+0x155
C  [CoreFoundation+0x72536]  __CFRunLoopRun+0x716
C  [CoreFoundation+0x71bd8]  CFRunLoopRunSpecific+0x128
C  [java+0x6463]  CreateExecutionEnvironment+0x367
C  [java+0x21ac]  JLI_Launch+0x7a0
C  [java+0x84c0]  main+0x65
C  [java+0x1a04]  start+0x34


---------------  P R O C E S S  ---------------

VM state:at safepoint (normal execution)

VM Mutex/Monitor currently owned by a thread:  ([mutex/lock_event])
[0x00007f8438616cd0] Threads_lock - owner thread: 0x00007f843981f800
[0x00007f84386171d0] Heap_lock - owner thread: 0x00007f8439899000

Heap:
 PSYoungGen      total 52736K, used 52720K [0x0000000795580000, 0x000000079a080000, 0x00000007c0000000)
  eden space 47616K, 100% used [0x0000000795580000,0x0000000798400000,0x0000000798400000)
  from space 5120K, 99% used [0x0000000799b80000,0x000000079a07c300,0x000000079a080000)
  to   space 5120K, 0% used [0x0000000799680000,0x0000000799680000,0x0000000799b80000)
 ParOldGen       total 59904K, used 8840K [0x0000000740000000, 0x0000000743a80000, 0x0000000795580000)
  object space 59904K, 14% used [0x0000000740000000,0x00000007408a2020,0x0000000743a80000)
 Metaspace       used 28368K, capacity 29468K, committed 29696K, reserved 1075200K
  class space    used 3832K, capacity 4076K, committed 4096K, reserved 1048576K

Card table byte_map: [0x000000011862c000,0x0000000118a2d000] byte_map_base: 0x0000000114c2c000

Marking Bits: (ParMarkBitMap*) 0x0000000108ac27a0
 Begin Bits: [0x00000001190e4000, 0x000000011b0e4000)
 End Bits:   [0x000000011b0e4000, 0x000000011d0e4000)

Polling page: 0x0000000107968000

CodeCache: size=245760Kb used=8016Kb max_used=8029Kb free=237743Kb
 bounds [0x000000010926c000, 0x0000000109a4c000, 0x000000011826c000]
 total_blobs=3446 nmethods=2679 adapters=680
 compilation: enabled

Compilation events (10 events):
Event: 65.022 Thread 0x00007f843900e000 nmethod 2676 0x0000000109a458d0 code [0x0000000109a45c00, 0x0000000109a47360]
Event: 90.327 Thread 0x00007f8439820000 2677       4       com.sun.javafx.tk.quantum.QuantumToolkit$$Lambda$44/2067056924::run (8 bytes)
Event: 90.328 Thread 0x00007f8439820000 nmethod 2677 0x0000000109a3b910 code [0x0000000109a3baa0, 0x0000000109a3bce8]
Event: 1403.792 Thread 0x00007f8439820800 2678       3       java.util.concurrent.locks.AbstractQueuedSynchronizer::release (33 bytes)
Event: 1403.796 Thread 0x00007f8439820800 nmethod 2678 0x0000000109a3b390 code [0x0000000109a3b520, 0x0000000109a3b838]
Event: 1403.796 Thread 0x00007f8439820800 2679       3       java.util.concurrent.locks.AbstractQueuedSynchronizer::setState (6 bytes)
Event: 1403.796 Thread 0x00007f843900e000 2680       4       java.util.concurrent.atomic.AtomicBoolean::get (13 bytes)
Event: 1403.797 Thread 0x00007f8439820800 nmethod 2679 0x0000000109a3b090 code [0x0000000109a3b1e0, 0x0000000109a3b330]
Event: 1403.797 Thread 0x00007f843900e000 nmethod 2680 0x0000000109a3ae50 code [0x0000000109a3afa0, 0x0000000109a3b018]
Event: 1405.401 Thread 0x00007f8439820800 2681       3       java.util.logging.LogManager$LoggerContext::ensureDefaultLogger (70 bytes)

GC Heap History (10 events):
Event: 1.338 GC heap before
{Heap before GC invocations=1 (full 0):
 PSYoungGen      total 38400K, used 33280K [0x0000000795580000, 0x0000000798000000, 0x00000007c0000000)
  eden space 33280K, 100% used [0x0000000795580000,0x0000000797600000,0x0000000797600000)
  from space 5120K, 0% used [0x0000000797b00000,0x0000000797b00000,0x0000000798000000)
  to   space 5120K, 0% used [0x0000000797600000,0x0000000797600000,0x0000000797b00000)
 ParOldGen       total 87552K, used 0K [0x0000000740000000, 0x0000000745580000, 0x0000000795580000)
  object space 87552K, 0% used [0x0000000740000000,0x0000000740000000,0x0000000745580000)
 Metaspace       used 12007K, capacity 12338K, committed 12544K, reserved 1060864K
  class space    used 1411K, capacity 1533K, committed 1536K, reserved 1048576K
Event: 1.349 GC heap after
Heap after GC invocations=1 (full 0):
 PSYoungGen      total 38400K, used 5106K [0x0000000795580000, 0x0000000798000000, 0x00000007c0000000)
  eden space 33280K, 0% used [0x0000000795580000,0x0000000795580000,0x0000000797600000)
  from space 5120K, 99% used [0x0000000797600000,0x0000000797afca08,0x0000000797b00000)
  to   space 5120K, 0% used [0x0000000797b00000,0x0000000797b00000,0x0000000798000000)
 ParOldGen       total 87552K, used 102K [0x0000000740000000, 0x0000000745580000, 0x0000000795580000)
  object space 87552K, 0% used [0x0000000740000000,0x00000007400199c0,0x0000000745580000)
 Metaspace       used 12007K, capacity 12338K, committed 12544K, reserved 1060864K
  class space    used 1411K, capacity 1533K, committed 1536K, reserved 1048576K
}
Event: 2.146 GC heap before
{Heap before GC invocations=2 (full 0):
 PSYoungGen      total 38400K, used 38386K [0x0000000795580000, 0x0000000798000000, 0x00000007c0000000)
  eden space 33280K, 100% used [0x0000000795580000,0x0000000797600000,0x0000000797600000)
  from space 5120K, 99% used [0x0000000797600000,0x0000000797afca08,0x0000000797b00000)
  to   space 5120K, 0% used [0x0000000797b00000,0x0000000797b00000,0x0000000798000000)
 ParOldGen       total 87552K, used 102K [0x0000000740000000, 0x0000000745580000, 0x0000000795580000)
  object space 87552K, 0% used [0x0000000740000000,0x00000007400199c0,0x0000000745580000)
 Metaspace       used 17633K, capacity 18028K, committed 18176K, reserved 1064960K
  class space    used 2124K, capacity 2220K, committed 2304K, reserved 1048576K
Event: 2.158 GC heap after
Heap after GC invocations=2 (full 0):
 PSYoungGen      total 38400K, used 5095K [0x0000000795580000, 0x000000079a080000, 0x00000007c0000000)
  eden space 33280K, 0% used [0x0000000795580000,0x0000000795580000,0x0000000797600000)
  from space 5120K, 99% used [0x0000000797b00000,0x0000000797ff9d48,0x0000000798000000)
  to   space 5120K, 0% used [0x0000000797600000,0x0000000797600000,0x0000000797b00000)
 ParOldGen       total 87552K, used 3272K [0x0000000740000000, 0x0000000745580000, 0x0000000795580000)
  object space 87552K, 3% used [0x0000000740000000,0x00000007403321b0,0x0000000745580000)
 Metaspace       used 17633K, capacity 18028K, committed 18176K, reserved 1064960K
  class space    used 2124K, capacity 2220K, committed 2304K, reserved 1048576K
}
Event: 2.565 GC heap before
{Heap before GC invocations=3 (full 0):
 PSYoungGen      total 38400K, used 17904K [0x0000000795580000, 0x000000079a080000, 0x00000007c0000000)
  eden space 33280K, 38% used [0x0000000795580000,0x00000007962024f8,0x0000000797600000)
  from space 5120K, 99% used [0x0000000797b00000,0x0000000797ff9d48,0x0000000798000000)
  to   space 5120K, 0% used [0x0000000797600000,0x0000000797600000,0x0000000797b00000)
 ParOldGen       total 87552K, used 3272K [0x0000000740000000, 0x0000000745580000, 0x0000000795580000)
  object space 87552K, 3% used [0x0000000740000000,0x00000007403321b0,0x0000000745580000)
 Metaspace       used 20804K, capacity 21130K, committed 21296K, reserved 1069056K
  class space    used 2571K, capacity 2673K, committed 2688K, reserved 1048576K
Event: 2.571 GC heap after
Heap after GC invocations=3 (full 0):
 PSYoungGen      total 38400K, used 5100K [0x0000000795580000, 0x000000079a080000, 0x00000007c0000000)
  eden space 33280K, 0% used [0x0000000795580000,0x0000000795580000,0x0000000797600000)
  from space 5120K, 99% used [0x0000000797600000,0x0000000797afb160,0x0000000797b00000)
  to   space 5120K, 0% used [0x0000000799b80000,0x0000000799b80000,0x000000079a080000)
 ParOldGen       total 87552K, used 4622K [0x0000000740000000, 0x0000000745580000, 0x0000000795580000)
  object space 87552K, 5% used [0x0000000740000000,0x0000000740483928,0x0000000745580000)
 Metaspace       used 20804K, capacity 21130K, committed 21296K, reserved 1069056K
  class space    used 2571K, capacity 2673K, committed 2688K, reserved 1048576K
}
Event: 2.571 GC heap before
{Heap before GC invocations=4 (full 1):
 PSYoungGen      total 38400K, used 5100K [0x0000000795580000, 0x000000079a080000, 0x00000007c0000000)
  eden space 33280K, 0% used [0x0000000795580000,0x0000000795580000,0x0000000797600000)
  from space 5120K, 99% used [0x0000000797600000,0x0000000797afb160,0x0000000797b00000)
  to   space 5120K, 0% used [0x0000000799b80000,0x0000000799b80000,0x000000079a080000)
 ParOldGen       total 87552K, used 4622K [0x0000000740000000, 0x0000000745580000, 0x0000000795580000)
  object space 87552K, 5% used [0x0000000740000000,0x0000000740483928,0x0000000745580000)
 Metaspace       used 20804K, capacity 21130K, committed 21296K, reserved 1069056K
  class space    used 2571K, capacity 2673K, committed 2688K, reserved 1048576K
Event: 2.604 GC heap after
Heap after GC invocations=4 (full 1):
 PSYoungGen      total 38400K, used 0K [0x0000000795580000, 0x000000079a080000, 0x00000007c0000000)
  eden space 33280K, 0% used [0x0000000795580000,0x0000000795580000,0x0000000797600000)
  from space 5120K, 0% used [0x0000000797600000,0x0000000797600000,0x0000000797b00000)
  to   space 5120K, 0% used [0x0000000799b80000,0x0000000799b80000,0x000000079a080000)
 ParOldGen       total 59904K, used 6357K [0x0000000740000000, 0x0000000743a80000, 0x0000000795580000)
  object space 59904K, 10% used [0x0000000740000000,0x0000000740635450,0x0000000743a80000)
 Metaspace       used 20804K, capacity 21130K, committed 21296K, reserved 1069056K
  class space    used 2571K, capacity 2673K, committed 2688K, reserved 1048576K
}
Event: 106.765 GC heap before
{Heap before GC invocations=5 (full 1):
 PSYoungGen      total 38400K, used 33280K [0x0000000795580000, 0x000000079a080000, 0x00000007c0000000)
  eden space 33280K, 100% used [0x0000000795580000,0x0000000797600000,0x0000000797600000)
  from space 5120K, 0% used [0x0000000797600000,0x0000000797600000,0x0000000797b00000)
  to   space 5120K, 0% used [0x0000000799b80000,0x0000000799b80000,0x000000079a080000)
 ParOldGen       total 59904K, used 6357K [0x0000000740000000, 0x0000000743a80000, 0x0000000795580000)
  object space 59904K, 10% used [0x0000000740000000,0x0000000740635450,0x0000000743a80000)
 Metaspace       used 28327K, capacity 29412K, committed 29696K, reserved 1075200K
  class space    used 3822K, capacity 4064K, committed 4096K, reserved 1048576K
Event: 106.782 GC heap after
Heap after GC invocations=5 (full 1):
 PSYoungGen      total 52736K, used 5104K [0x0000000795580000, 0x000000079a080000, 0x00000007c0000000)
  eden space 47616K, 0% used [0x0000000795580000,0x0000000795580000,0x0000000798400000)
  from space 5120K, 99% used [0x0000000799b80000,0x000000079a07c300,0x000000079a080000)
  to   space 5120K, 0% used [0x0000000799680000,0x0000000799680000,0x0000000799b80000)
 ParOldGen       total 59904K, used 8840K [0x0000000740000000, 0x0000000743a80000, 0x0000000795580000)
  object space 59904K, 14% used [0x0000000740000000,0x00000007408a2020,0x0000000743a80000)
 Metaspace       used 28327K, capacity 29412K, committed 29696K, reserved 1075200K
  class space    used 3822K, capacity 4064K, committed 4096K, reserved 1048576K
}

Deoptimization events (10 events):
Event: 3.254 Thread 0x00007f843925e800 Uncommon trap: reason=class_check action=maybe_recompile pc=0x00000001093a848c method=java.lang.String.equals(Ljava/lang/Object;)Z @ 8
Event: 3.254 Thread 0x00007f843925e800 Uncommon trap: reason=class_check action=maybe_recompile pc=0x00000001093a848c method=java.lang.String.equals(Ljava/lang/Object;)Z @ 8
Event: 3.254 Thread 0x00007f843925e800 Uncommon trap: reason=class_check action=maybe_recompile pc=0x00000001093a848c method=java.lang.String.equals(Ljava/lang/Object;)Z @ 8
Event: 3.254 Thread 0x00007f843925e800 Uncommon trap: reason=class_check action=maybe_recompile pc=0x00000001093a848c method=java.lang.String.equals(Ljava/lang/Object;)Z @ 8
Event: 3.411 Thread 0x00007f843925e800 Uncommon trap: reason=unstable_if action=reinterpret pc=0x000000010962e4ec method=java.lang.ClassLoader.checkName(Ljava/lang/String;)Z @ 20
Event: 3.587 Thread 0x00007f843925e800 Uncommon trap: reason=class_check action=maybe_recompile pc=0x00000001096e2ae4 method=java.io.FilterInputStream.read()I @ 4
Event: 3.587 Thread 0x00007f843925e800 Uncommon trap: reason=class_check action=maybe_recompile pc=0x00000001096e2ae4 method=java.io.FilterInputStream.read()I @ 4
Event: 3.587 Thread 0x00007f843925e800 Uncommon trap: reason=class_check action=maybe_recompile pc=0x00000001096e2ae4 method=java.io.FilterInputStream.read()I @ 4
Event: 3.587 Thread 0x00007f843925e800 Uncommon trap: reason=class_check action=maybe_recompile pc=0x00000001096e2ae4 method=java.io.FilterInputStream.read()I @ 4
Event: 1403.761 Thread 0x00007f843925e800 Uncommon trap: reason=unstable_if action=reinterpret pc=0x0000000109a33cd0 method=com.sun.javafx.tk.quantum.QuantumToolkit.runWithoutRenderLock(Ljava/util/function/Supplier;)Ljava/lang/Object; @ 8

Internal exceptions (10 events):
Event: 1.467 Thread 0x00007f843925e800 Exception <a 'java/lang/ArrayIndexOutOfBoundsException'> (0x0000000795b7a4c8) thrown at [/Users/java_re/workspace/8-2-build-macosx-x86_64/jdk8u51/3951/hotspot/src/share/vm/runtime/sharedRuntime.cpp, line 605]
Event: 1.470 Thread 0x00007f843925e800 Exception <a 'java/lang/ArrayIndexOutOfBoundsException'> (0x0000000795b88950) thrown at [/Users/java_re/workspace/8-2-build-macosx-x86_64/jdk8u51/3951/hotspot/src/share/vm/runtime/sharedRuntime.cpp, line 605]
Event: 2.497 Thread 0x00007f843925e800 Exception <a 'java/lang/ArrayIndexOutOfBoundsException'> (0x0000000795e5d540) thrown at [/Users/java_re/workspace/8-2-build-macosx-x86_64/jdk8u51/3951/hotspot/src/share/vm/runtime/sharedRuntime.cpp, line 605]
Event: 2.497 Thread 0x00007f843925e800 Exception <a 'java/lang/ArrayIndexOutOfBoundsException'> (0x0000000795e5f100) thrown at [/Users/java_re/workspace/8-2-build-macosx-x86_64/jdk8u51/3951/hotspot/src/share/vm/runtime/sharedRuntime.cpp, line 605]
Event: 2.497 Thread 0x00007f843925e800 Exception <a 'java/lang/ArrayIndexOutOfBoundsException'> (0x0000000795e61648) thrown at [/Users/java_re/workspace/8-2-build-macosx-x86_64/jdk8u51/3951/hotspot/src/share/vm/runtime/sharedRuntime.cpp, line 605]
Event: 2.498 Thread 0x00007f843925e800 Exception <a 'java/lang/ArrayIndexOutOfBoundsException': 65> (0x0000000795e6ad10) thrown at [/Users/java_re/workspace/8-2-build-macosx-x86_64/jdk8u51/3951/hotspot/src/share/vm/interpreter/interpreterRuntime.cpp, line 366]
Event: 2.510 Thread 0x00007f843925e800 Implicit null exception at 0x00000001096288bb to 0x0000000109628da5
Event: 2.551 Thread 0x00007f843925e800 Exception <a 'java/lang/NullPointerException'> (0x00000007960e4920) thrown at [/Users/java_re/workspace/8-2-build-macosx-x86_64/jdk8u51/3951/hotspot/src/share/vm/interpreter/linkResolver.cpp, line 1178]
Event: 2.551 Thread 0x00007f843925e800 Exception <a 'java/lang/NullPointerException'> (0x00000007960e4920) thrown at [/Users/java_re/workspace/8-2-build-macosx-x86_64/jdk8u51/3951/hotspot/src/share/vm/prims/jvm.cpp, line 1386]
Event: 2.606 Thread 0x00007f843a30a800 Exception <a 'java/lang/InterruptedException': sleep interrupted> (0x0000000795667808) thrown at [/Users/java_re/workspace/8-2-build-macosx-x86_64/jdk8u51/3951/hotspot/src/share/vm/prims/jvm.cpp, line 3211]

Events (10 events):
Event: 1405.398 Thread 0x00007f843925e800 Thread exited: 0x00007f843925e800
Event: 1405.398 loading class java/util/IdentityHashMap$KeySet
Event: 1405.400 loading class java/util/IdentityHashMap$KeySet done
Event: 1405.400 loading class java/util/IdentityHashMap$KeyIterator
Event: 1405.400 loading class java/util/IdentityHashMap$IdentityHashMapIterator
Event: 1405.400 loading class java/util/IdentityHashMap$IdentityHashMapIterator done
Event: 1405.400 loading class java/util/IdentityHashMap$KeyIterator done
Event: 1405.401 Thread 0x00007f843887b800 Thread added: 0x00007f843887b800
Event: 1405.402 Thread 0x00007f843887b800 Thread exited: 0x00007f843887b800
Event: 1405.402 Thread 0x00007f8439899000 Thread exited: 0x00007f8439899000


Dynamic libraries:
0x000000000328b000 	/System/Library/Frameworks/Cocoa.framework/Versions/A/Cocoa
0x000000000328b000 	/System/Library/Frameworks/Security.framework/Versions/A/Security
0x000000000328b000 	/System/Library/Frameworks/ApplicationServices.framework/Versions/A/ApplicationServices
0x000000000328b000 	/usr/lib/libz.1.dylib
0x000000000328b000 	/usr/lib/libSystem.B.dylib
0x000000000328b000 	/usr/lib/libobjc.A.dylib
0x000000000328b000 	/System/Library/Frameworks/CoreFoundation.framework/Versions/A/CoreFoundation
0x000000000328b000 	/System/Library/Frameworks/Foundation.framework/Versions/C/Foundation
0x000000000328b000 	/System/Library/Frameworks/AppKit.framework/Versions/C/AppKit
0x000000000328b000 	/System/Library/Frameworks/CoreData.framework/Versions/A/CoreData
0x000000000328b000 	/System/Library/PrivateFrameworks/RemoteViewServices.framework/Versions/A/RemoteViewServices
0x000000000328b000 	/System/Library/PrivateFrameworks/UIFoundation.framework/Versions/A/UIFoundation
0x000000000328b000 	/System/Library/Frameworks/IOSurface.framework/Versions/A/IOSurface
0x000000000328b000 	/System/Library/Frameworks/AudioToolbox.framework/Versions/A/AudioToolbox
0x000000000328b000 	/System/Library/Frameworks/AudioUnit.framework/Versions/A/AudioUnit
0x000000000328b000 	/System/Library/PrivateFrameworks/DataDetectorsCore.framework/Versions/A/DataDetectorsCore
0x000000000328b000 	/System/Library/PrivateFrameworks/DesktopServicesPriv.framework/Versions/A/DesktopServicesPriv
0x000000000328b000 	/System/Library/Frameworks/Carbon.framework/Versions/A/Frameworks/HIToolbox.framework/Versions/A/HIToolbox
0x000000000328b000 	/System/Library/Frameworks/QuartzCore.framework/Versions/A/QuartzCore
0x000000000328b000 	/System/Library/Frameworks/Carbon.framework/Versions/A/Frameworks/SpeechRecognition.framework/Versions/A/SpeechRecognition
0x000000000328b000 	/usr/lib/libauto.dylib
0x000000000328b000 	/usr/lib/libicucore.A.dylib
0x000000000328b000 	/usr/lib/libxml2.2.dylib
0x000000000328b000 	/System/Library/PrivateFrameworks/CoreUI.framework/Versions/A/CoreUI
0x000000000328b000 	/System/Library/Frameworks/CoreAudio.framework/Versions/A/CoreAudio
0x000000000328b000 	/System/Library/Frameworks/DiskArbitration.framework/Versions/A/DiskArbitration
0x000000000328b000 	/usr/lib/liblangid.dylib
0x000000000328b000 	/System/Library/PrivateFrameworks/MultitouchSupport.framework/Versions/A/MultitouchSupport
0x000000000328b000 	/System/Library/Frameworks/IOKit.framework/Versions/A/IOKit
0x000000000328b000 	/usr/lib/libDiagnosticMessagesClient.dylib
0x000000000328b000 	/System/Library/Frameworks/CoreServices.framework/Versions/A/CoreServices
0x000000000328b000 	/System/Library/PrivateFrameworks/PerformanceAnalysis.framework/Versions/A/PerformanceAnalysis
0x000000000328b000 	/System/Library/PrivateFrameworks/GenerationalStorage.framework/Versions/A/GenerationalStorage
0x000000000328b000 	/System/Library/Frameworks/OpenGL.framework/Versions/A/OpenGL
0x000000000328b000 	/System/Library/PrivateFrameworks/Sharing.framework/Versions/A/Sharing
0x000000000328b000 	/System/Library/Frameworks/CoreGraphics.framework/Versions/A/CoreGraphics
0x000000000328b000 	/System/Library/Frameworks/CoreText.framework/Versions/A/CoreText
0x000000000328b000 	/System/Library/Frameworks/ImageIO.framework/Versions/A/ImageIO
0x000000000328b000 	/usr/lib/libextension.dylib
0x000000000328b000 	/System/Library/PrivateFrameworks/Backup.framework/Versions/A/Backup
0x000000000328b000 	/usr/lib/libarchive.2.dylib
0x000000000328b000 	/System/Library/Frameworks/CFNetwork.framework/Versions/A/CFNetwork
0x000000000328b000 	/System/Library/Frameworks/SystemConfiguration.framework/Versions/A/SystemConfiguration
0x000000000328b000 	/usr/lib/libCRFSuite.dylib
0x000000000328b000 	/usr/lib/libc++.1.dylib
0x000000000328b000 	/usr/lib/libc++abi.dylib
0x000000000328b000 	/usr/lib/system/libcache.dylib
0x000000000328b000 	/usr/lib/system/libcommonCrypto.dylib
0x000000000328b000 	/usr/lib/system/libcompiler_rt.dylib
0x000000000328b000 	/usr/lib/system/libcopyfile.dylib
0x000000000328b000 	/usr/lib/system/libcorecrypto.dylib
0x000000000328b000 	/usr/lib/system/libdispatch.dylib
0x000000000328b000 	/usr/lib/system/libdyld.dylib
0x000000000328b000 	/usr/lib/system/libkeymgr.dylib
0x000000000328b000 	/usr/lib/system/liblaunch.dylib
0x000000000328b000 	/usr/lib/system/libmacho.dylib
0x000000000328b000 	/usr/lib/system/libquarantine.dylib
0x000000000328b000 	/usr/lib/system/libremovefile.dylib
0x000000000328b000 	/usr/lib/system/libsystem_asl.dylib
0x000000000328b000 	/usr/lib/system/libsystem_blocks.dylib
0x000000000328b000 	/usr/lib/system/libsystem_c.dylib
0x000000000328b000 	/usr/lib/system/libsystem_configuration.dylib
0x000000000328b000 	/usr/lib/system/libsystem_coreservices.dylib
0x000000000328b000 	/usr/lib/system/libsystem_coretls.dylib
0x000000000328b000 	/usr/lib/system/libsystem_dnssd.dylib
0x000000000328b000 	/usr/lib/system/libsystem_info.dylib
0x000000000328b000 	/usr/lib/system/libsystem_kernel.dylib
0x000000000328b000 	/usr/lib/system/libsystem_m.dylib
0x000000000328b000 	/usr/lib/system/libsystem_malloc.dylib
0x000000000328b000 	/usr/lib/system/libsystem_network.dylib
0x000000000328b000 	/usr/lib/system/libsystem_networkextension.dylib
0x000000000328b000 	/usr/lib/system/libsystem_notify.dylib
0x000000000328b000 	/usr/lib/system/libsystem_platform.dylib
0x000000000328b000 	/usr/lib/system/libsystem_pthread.dylib
0x000000000328b000 	/usr/lib/system/libsystem_sandbox.dylib
0x000000000328b000 	/usr/lib/system/libsystem_secinit.dylib
0x000000000328b000 	/usr/lib/system/libsystem_stats.dylib
0x000000000328b000 	/usr/lib/system/libsystem_trace.dylib
0x000000000328b000 	/usr/lib/system/libunc.dylib
0x000000000328b000 	/usr/lib/system/libunwind.dylib
0x000000000328b000 	/usr/lib/system/libxpc.dylib
0x000000000328b000 	/usr/lib/libbz2.1.0.dylib
0x000000000328b000 	/usr/lib/liblzma.5.dylib
0x000000000328b000 	/usr/lib/libbsm.0.dylib
0x000000000328b000 	/usr/lib/libsqlite3.dylib
0x000000000328b000 	/usr/lib/system/libkxld.dylib
0x000000000328b000 	/usr/lib/libxar.1.dylib
0x000000000328b000 	/usr/lib/libpam.2.dylib
0x000000000328b000 	/usr/lib/libOpenScriptingUtil.dylib
0x000000000328b000 	/System/Library/Frameworks/CoreServices.framework/Versions/A/Frameworks/FSEvents.framework/Versions/A/FSEvents
0x000000000328b000 	/System/Library/Frameworks/CoreServices.framework/Versions/A/Frameworks/CarbonCore.framework/Versions/A/CarbonCore
0x000000000328b000 	/System/Library/Frameworks/CoreServices.framework/Versions/A/Frameworks/Metadata.framework/Versions/A/Metadata
0x000000000328b000 	/System/Library/Frameworks/CoreServices.framework/Versions/A/Frameworks/OSServices.framework/Versions/A/OSServices
0x000000000328b000 	/System/Library/Frameworks/CoreServices.framework/Versions/A/Frameworks/SearchKit.framework/Versions/A/SearchKit
0x000000000328b000 	/System/Library/Frameworks/CoreServices.framework/Versions/A/Frameworks/AE.framework/Versions/A/AE
0x000000000328b000 	/System/Library/Frameworks/CoreServices.framework/Versions/A/Frameworks/LaunchServices.framework/Versions/A/LaunchServices
0x000000000328b000 	/System/Library/Frameworks/CoreServices.framework/Versions/A/Frameworks/DictionaryServices.framework/Versions/A/DictionaryServices
0x000000000328b000 	/System/Library/Frameworks/NetFS.framework/Versions/A/NetFS
0x000000000328b000 	/System/Library/PrivateFrameworks/NetAuth.framework/Versions/A/NetAuth
0x000000000328b000 	/System/Library/PrivateFrameworks/login.framework/Versions/A/Frameworks/loginsupport.framework/Versions/A/loginsupport
0x000000000328b000 	/System/Library/PrivateFrameworks/TCC.framework/Versions/A/TCC
0x000000000328b000 	/usr/lib/libmecabra.dylib
0x000000000328b000 	/System/Library/Frameworks/ApplicationServices.framework/Versions/A/Frameworks/ATS.framework/Versions/A/ATS
0x000000000328b000 	/System/Library/Frameworks/ApplicationServices.framework/Versions/A/Frameworks/ColorSync.framework/Versions/A/ColorSync
0x000000000328b000 	/System/Library/Frameworks/ApplicationServices.framework/Versions/A/Frameworks/HIServices.framework/Versions/A/HIServices
0x000000000328b000 	/System/Library/Frameworks/ApplicationServices.framework/Versions/A/Frameworks/LangAnalysis.framework/Versions/A/LangAnalysis
0x000000000328b000 	/System/Library/Frameworks/ApplicationServices.framework/Versions/A/Frameworks/PrintCore.framework/Versions/A/PrintCore
0x000000000328b000 	/System/Library/Frameworks/ApplicationServices.framework/Versions/A/Frameworks/QD.framework/Versions/A/QD
0x000000000328b000 	/System/Library/Frameworks/ApplicationServices.framework/Versions/A/Frameworks/SpeechSynthesis.framework/Versions/A/SpeechSynthesis
0x000000000328b000 	/System/Library/Frameworks/Accelerate.framework/Versions/A/Accelerate
0x000000000328b000 	/System/Library/Frameworks/Accelerate.framework/Versions/A/Frameworks/vImage.framework/Versions/A/vImage
0x000000000328b000 	/System/Library/Frameworks/Accelerate.framework/Versions/A/Frameworks/vecLib.framework/Versions/A/vecLib
0x000000000328b000 	/System/Library/Frameworks/Accelerate.framework/Versions/A/Frameworks/vecLib.framework/Versions/A/libvDSP.dylib
0x000000000328b000 	/System/Library/Frameworks/Accelerate.framework/Versions/A/Frameworks/vecLib.framework/Versions/A/libvMisc.dylib
0x000000000328b000 	/System/Library/Frameworks/Accelerate.framework/Versions/A/Frameworks/vecLib.framework/Versions/A/libLAPACK.dylib
0x000000000328b000 	/System/Library/Frameworks/Accelerate.framework/Versions/A/Frameworks/vecLib.framework/Versions/A/libBLAS.dylib
0x000000000328b000 	/System/Library/Frameworks/Accelerate.framework/Versions/A/Frameworks/vecLib.framework/Versions/A/libLinearAlgebra.dylib
0x000000000328b000 	/System/Library/Frameworks/ApplicationServices.framework/Versions/A/Frameworks/ATS.framework/Versions/A/Resources/libFontParser.dylib
0x000000000328b000 	/System/Library/Frameworks/ApplicationServices.framework/Versions/A/Frameworks/ATS.framework/Versions/A/Resources/libFontRegistry.dylib
0x000000000328b000 	/System/Library/PrivateFrameworks/AppleVPA.framework/Versions/A/AppleVPA
0x000000000328b000 	/System/Library/PrivateFrameworks/AppleJPEG.framework/Versions/A/AppleJPEG
0x000000000328b000 	/System/Library/Frameworks/ImageIO.framework/Versions/A/Resources/libJPEG.dylib
0x000000000328b000 	/System/Library/Frameworks/ImageIO.framework/Versions/A/Resources/libTIFF.dylib
0x000000000328b000 	/System/Library/Frameworks/ImageIO.framework/Versions/A/Resources/libPng.dylib
0x000000000328b000 	/System/Library/Frameworks/ImageIO.framework/Versions/A/Resources/libGIF.dylib
0x000000000328b000 	/System/Library/Frameworks/ImageIO.framework/Versions/A/Resources/libJP2.dylib
0x000000000328b000 	/System/Library/Frameworks/ImageIO.framework/Versions/A/Resources/libRadiance.dylib
0x000000000328b000 	/System/Library/Frameworks/CoreVideo.framework/Versions/A/CoreVideo
0x000000000328b000 	/System/Library/Frameworks/OpenGL.framework/Versions/A/Libraries/libGLU.dylib
0x000000000328b000 	/System/Library/Frameworks/OpenGL.framework/Versions/A/Libraries/libGFXShared.dylib
0x000000000328b000 	/System/Library/Frameworks/OpenGL.framework/Versions/A/Libraries/libGL.dylib
0x000000000328b000 	/System/Library/Frameworks/OpenGL.framework/Versions/A/Libraries/libGLImage.dylib
0x000000000328b000 	/System/Library/Frameworks/OpenGL.framework/Versions/A/Libraries/libCVMSPluginSupport.dylib
0x000000000328b000 	/System/Library/Frameworks/OpenGL.framework/Versions/A/Libraries/libCoreVMClient.dylib
0x000000000328b000 	/usr/lib/libcups.2.dylib
0x000000000328b000 	/System/Library/Frameworks/Kerberos.framework/Versions/A/Kerberos
0x000000000328b000 	/System/Library/Frameworks/GSS.framework/Versions/A/GSS
0x000000000328b000 	/usr/lib/libresolv.9.dylib
0x000000000328b000 	/usr/lib/libiconv.2.dylib
0x000000000328b000 	/System/Library/PrivateFrameworks/Heimdal.framework/Versions/A/Heimdal
0x000000000328b000 	/usr/lib/libheimdal-asn1.dylib
0x000000000328b000 	/System/Library/Frameworks/OpenDirectory.framework/Versions/A/OpenDirectory
0x000000000328b000 	/System/Library/PrivateFrameworks/CommonAuth.framework/Versions/A/CommonAuth
0x000000000328b000 	/System/Library/Frameworks/OpenDirectory.framework/Versions/A/Frameworks/CFOpenDirectory.framework/Versions/A/CFOpenDirectory
0x000000000328b000 	/System/Library/Frameworks/SecurityFoundation.framework/Versions/A/SecurityFoundation
0x000000000328b000 	/System/Library/PrivateFrameworks/LanguageModeling.framework/Versions/A/LanguageModeling
0x000000000328b000 	/usr/lib/libcmph.dylib
0x000000000328b000 	/System/Library/Frameworks/ServiceManagement.framework/Versions/A/ServiceManagement
0x000000000328b000 	/usr/lib/libxslt.1.dylib
0x000000000328b000 	/System/Library/Frameworks/Carbon.framework/Versions/A/Frameworks/Ink.framework/Versions/A/Ink
0x000000000328b000 	/System/Library/Frameworks/QuartzCore.framework/Versions/A/Frameworks/CoreImage.framework/Versions/A/CoreImage
0x000000000328b000 	/System/Library/PrivateFrameworks/CrashReporterSupport.framework/Versions/A/CrashReporterSupport
0x000000000328b000 	/System/Library/Frameworks/OpenCL.framework/Versions/A/OpenCL
0x000000000328b000 	/System/Library/PrivateFrameworks/FaceCore.framework/Versions/A/FaceCore
0x000000000328b000 	/System/Library/PrivateFrameworks/Ubiquity.framework/Versions/A/Ubiquity
0x000000000328b000 	/System/Library/PrivateFrameworks/IconServices.framework/Versions/A/IconServices
0x000000000328b000 	/System/Library/PrivateFrameworks/ChunkingLibrary.framework/Versions/A/ChunkingLibrary
0x000000000328b000 	/System/Library/PrivateFrameworks/Apple80211.framework/Versions/A/Apple80211
0x000000000328b000 	/System/Library/Frameworks/CoreWLAN.framework/Versions/A/CoreWLAN
0x000000000328b000 	/System/Library/Frameworks/IOBluetooth.framework/Versions/A/IOBluetooth
0x000000000328b000 	/System/Library/PrivateFrameworks/CoreWiFi.framework/Versions/A/CoreWiFi
0x000000000328b000 	/System/Library/Frameworks/CoreBluetooth.framework/Versions/A/CoreBluetooth
0x000000000328b000 	/System/Library/PrivateFrameworks/DebugSymbols.framework/Versions/A/DebugSymbols
0x000000000328b000 	/System/Library/PrivateFrameworks/CoreSymbolication.framework/Versions/A/CoreSymbolication
0x000000000328b000 	/System/Library/PrivateFrameworks/Symbolication.framework/Versions/A/Symbolication
0x000000000328b000 	/System/Library/PrivateFrameworks/SpeechRecognitionCore.framework/Versions/A/SpeechRecognitionCore
0x0000000108200000 	/Library/Java/JavaVirtualMachines/jdk1.8.0_51.jdk/Contents/Home/jre/lib/server/libjvm.dylib
0x000000000328b000 	/usr/lib/libstdc++.6.dylib
0x0000000107925000 	/Library/Java/JavaVirtualMachines/jdk1.8.0_51.jdk/Contents/Home/jre/lib/libverify.dylib
0x0000000107933000 	/Library/Java/JavaVirtualMachines/jdk1.8.0_51.jdk/Contents/Home/jre/lib/libjava.dylib
0x0000000107972000 	/Library/Java/JavaVirtualMachines/jdk1.8.0_51.jdk/Contents/Home/jre/lib/libzip.dylib
0x000000011f274000 	/System/Library/Frameworks/JavaVM.framework/Frameworks/JavaRuntimeSupport.framework/JavaRuntimeSupport
0x000000011f28c000 	/System/Library/Frameworks/JavaVM.framework/Versions/A/Frameworks/JavaNativeFoundation.framework/Versions/A/JavaNativeFoundation
0x00000001079ec000 	/System/Library/Frameworks/JavaVM.framework/Versions/A/JavaVM
0x000000000328b000 	/System/Library/Frameworks/Carbon.framework/Versions/A/Carbon
0x000000011f2a1000 	/System/Library/PrivateFrameworks/JavaLaunching.framework/Versions/A/JavaLaunching
0x000000000328b000 	/System/Library/Frameworks/Carbon.framework/Versions/A/Frameworks/CommonPanels.framework/Versions/A/CommonPanels
0x000000000328b000 	/System/Library/Frameworks/Carbon.framework/Versions/A/Frameworks/Help.framework/Versions/A/Help
0x000000000328b000 	/System/Library/Frameworks/Carbon.framework/Versions/A/Frameworks/ImageCapture.framework/Versions/A/ImageCapture
0x000000000328b000 	/System/Library/Frameworks/Carbon.framework/Versions/A/Frameworks/OpenScripting.framework/Versions/A/OpenScripting
0x000000000328b000 	/System/Library/Frameworks/Carbon.framework/Versions/A/Frameworks/Print.framework/Versions/A/Print
0x000000000328b000 	/System/Library/Frameworks/Carbon.framework/Versions/A/Frameworks/SecurityHI.framework/Versions/A/SecurityHI
0x00000001214de000 	/Applications/IntelliJ IDEA 14.app/Contents/bin/libbreakgen64.jnilib
0x000000012167a000 	/Library/Java/JavaVirtualMachines/jdk1.8.0_51.jdk/Contents/Home/jre/lib/libnet.dylib
0x00000001218df000 	/Library/Java/JavaVirtualMachines/jdk1.8.0_51.jdk/Contents/Home/jre/lib/libprism_es2.dylib
0x000000000328b000 	/System/Library/Frameworks/OpenGL.framework/Versions/A/Resources/GLEngine.bundle/GLEngine
0x000000000328b000 	/System/Library/Frameworks/OpenGL.framework/Versions/A/Libraries/libGLProgrammability.dylib
0x0000000000000000 	/System/Library/Extensions/AppleIntelBDWGraphicsGLDriver.bundle/Contents/MacOS/AppleIntelBDWGraphicsGLDriver
0x000000000328b000 	/System/Library/PrivateFrameworks/IOAccelerator.framework/Versions/A/IOAccelerator
0x000000000328b000 	/System/Library/PrivateFrameworks/GPUSupport.framework/Versions/A/Libraries/libGPUSupportMercury.dylib
0x000000000328b000 	/System/Library/Frameworks/OpenGL.framework/Versions/A/Resources/GLRendererFloat.bundle/GLRendererFloat
0x000000000328b000 	/System/Library/Frameworks/OpenCL.framework/Versions/A/Libraries/libcldcpuengine.dylib
0x000000000328b000 	/System/Library/PrivateFrameworks/DiskImages.framework/Versions/A/DiskImages
0x000000000328b000 	/System/Library/Frameworks/DiscRecording.framework/Versions/A/DiscRecording
0x000000000328b000 	/usr/lib/libcsfde.dylib
0x000000000328b000 	/usr/lib/libcurl.4.dylib
0x000000000328b000 	/System/Library/PrivateFrameworks/MediaKit.framework/Versions/A/MediaKit
0x000000000328b000 	/System/Library/PrivateFrameworks/ProtectedCloudStorage.framework/Versions/A/ProtectedCloudStorage
0x000000000328b000 	/usr/lib/libCoreStorage.dylib
0x000000000328b000 	/System/Library/PrivateFrameworks/EFILogin.framework/Versions/A/EFILogin
0x000000000328b000 	/usr/lib/libutil.dylib
0x000000000328b000 	/System/Library/PrivateFrameworks/FindMyDevice.framework/Versions/A/FindMyDevice
0x000000000328b000 	/System/Library/Frameworks/LDAP.framework/Versions/A/LDAP
0x000000000328b000 	/usr/lib/libsasl2.2.dylib
0x000000000328b000 	/System/Library/PrivateFrameworks/CoreDaemon.framework/Versions/B/CoreDaemon
0x000000000328b000 	/usr/lib/libcrypto.0.9.8.dylib
0x000000000328b000 	/System/Library/PrivateFrameworks/AppleSRP.framework/Versions/A/AppleSRP
0x000000000328b000 	/System/Library/PrivateFrameworks/TrustEvaluationAgent.framework/Versions/A/TrustEvaluationAgent
0x0000000121dd1000 	/Library/Java/JavaVirtualMachines/jdk1.8.0_51.jdk/Contents/Home/jre/lib/libglass.dylib
0x000000000328b000 	/System/Library/PrivateFrameworks/CoreServicesInternal.framework/Versions/A/CoreServicesInternal
0x000000000328b000 	/System/Library/PrivateFrameworks/CloudDocs.framework/Versions/A/CloudDocs
0x000000000328b000 	/System/Library/PrivateFrameworks/CoreDuet.framework/Versions/A/CoreDuet
0x000000000328b000 	/System/Library/Frameworks/CloudKit.framework/Versions/A/CloudKit
0x000000000328b000 	/System/Library/PrivateFrameworks/ProtocolBuffer.framework/Versions/A/ProtocolBuffer
0x000000000328b000 	/System/Library/PrivateFrameworks/CoreDuetDaemonProtocol.framework/Versions/A/CoreDuetDaemonProtocol
0x000000000328b000 	/System/Library/PrivateFrameworks/CoreDuetDebugLogging.framework/Versions/A/CoreDuetDebugLogging
0x000000000328b000 	/System/Library/PrivateFrameworks/MMCS.framework/Versions/A/MMCS
0x000000000328b000 	/System/Library/Frameworks/CoreLocation.framework/Versions/A/CoreLocation
0x000000000328b000 	/System/Library/PrivateFrameworks/GeoServices.framework/Versions/A/GeoServices
0x000000000328b000 	/System/Library/Frameworks/CoreGraphics.framework/Versions/A/Resources/libCGCMS.A.dylib
0x000000000328b000 	/System/Library/CoreServices/RawCamera.bundle/Contents/MacOS/RawCamera
0x000000000328b000 	/System/Library/Frameworks/CoreGraphics.framework/Versions/A/Resources/libRIP.A.dylib
0x000000000328b000 	/System/Library/PrivateFrameworks/FamilyControls.framework/Versions/A/FamilyControls
0x000000000328b000 	/System/Library/PrivateFrameworks/CommerceKit.framework/Versions/A/Frameworks/CommerceCore.framework/Versions/A/CommerceCore
0x000000000328b000 	/System/Library/PrivateFrameworks/SystemAdministration.framework/Versions/A/SystemAdministration
0x000000000328b000 	/System/Library/PrivateFrameworks/AppContainer.framework/Versions/A/AppContainer
0x000000000328b000 	/System/Library/PrivateFrameworks/SecCodeWrapper.framework/Versions/A/SecCodeWrapper
0x000000000328b000 	/System/Library/Frameworks/DirectoryService.framework/Versions/A/DirectoryService
0x000000000328b000 	/System/Library/PrivateFrameworks/LoginUIKit.framework/Versions/A/Frameworks/LoginUICore.framework/Versions/A/LoginUICore
0x000000000328b000 	/usr/lib/libodfde.dylib
0x00000001258a4000 	/Library/Java/JavaVirtualMachines/jdk1.8.0_51.jdk/Contents/Home/jre/lib/libmanagement.dylib
0x0000000125ab1000 	/Library/Java/JavaVirtualMachines/jdk1.8.0_51.jdk/Contents/Home/jre/lib/libnio.dylib
0x000000012585c000 	/Library/Java/JavaVirtualMachines/jdk1.8.0_51.jdk/Contents/Home/jre/lib/libsunec.dylib
0x0000000125889000 	/Library/Java/JavaVirtualMachines/jdk1.8.0_51.jdk/Contents/Home/jre/lib/libjavafx_font.dylib
0x000000000328b000 	/System/Library/Frameworks/CoreGraphics.framework/Versions/A/Resources/libCGXType.A.dylib
0x0000000127161000 	/Library/Java/JavaVirtualMachines/jdk1.8.0_51.jdk/Contents/Home/jre/lib/libjavafx_iio.dylib
0x0000000127faf000 	cl_kernels
0x00000001298e1000 	/System/Library/Frameworks/OpenCL.framework/Versions/A/Libraries/ImageFormats/unorm8_bgra.dylib
0x0000000127fa1000 	cl_kernels
0x000000012a903000 	/Library/Java/JavaVirtualMachines/jdk1.8.0_51.jdk/Contents/Home/jre/lib/libprism_common.dylib

VM Arguments:
jvm_args: -Didea.launcher.port=7550 -Didea.launcher.bin.path=/Applications/IntelliJ IDEA 14.app/Contents/bin -Dfile.encoding=UTF-8 
java_command: com.intellij.rt.execution.application.AppMain GUI
java_class_path (initial): /Library/Java/JavaVirtualMachines/jdk1.8.0_51.jdk/Contents/Home/lib/ant-javafx.jar:/Library/Java/JavaVirtualMachines/jdk1.8.0_51.jdk/Contents/Home/lib/dt.jar:/Library/Java/JavaVirtualMachines/jdk1.8.0_51.jdk/Contents/Home/lib/javafx-mx.jar:/Library/Java/JavaVirtualMachines/jdk1.8.0_51.jdk/Contents/Home/lib/jconsole.jar:/Library/Java/JavaVirtualMachines/jdk1.8.0_51.jdk/Contents/Home/lib/packager.jar:/Library/Java/JavaVirtualMachines/jdk1.8.0_51.jdk/Contents/Home/lib/sa-jdi.jar:/Library/Java/JavaVirtualMachines/jdk1.8.0_51.jdk/Contents/Home/lib/tools.jar:/Library/Java/JavaVirtualMachines/jdk1.8.0_51.jdk/Contents/Home/jre/lib/charsets.jar:/Library/Java/JavaVirtualMachines/jdk1.8.0_51.jdk/Contents/Home/jre/lib/deploy.jar:/Library/Java/JavaVirtualMachines/jdk1.8.0_51.jdk/Contents/Home/jre/lib/javaws.jar:/Library/Java/JavaVirtualMachines/jdk1.8.0_51.jdk/Contents/Home/jre/lib/jce.jar:/Library/Java/JavaVirtualMachines/jdk1.8.0_51.jdk/Contents/Home/jre/lib/jfr.jar:/Library/Java/JavaVirtualMachines/jdk1.8.0_51.jdk/Contents/Home/jre/lib/jfxswt.jar:/Library/Java/JavaVirtualMachines/jdk1.8.0_51.jdk/Contents/Home/jre/lib/jsse.jar:/Library/Java/JavaVirtualMachines/jdk1.8.0_51.jdk/Contents/Home/jre/lib/management-agent.jar:/Library/Java/JavaVirtualMachines/jdk1.8.0_51.jdk/Contents/Home/jre/lib/plugin.jar:/Library/Java/JavaVirtualMachines/jdk1.8.0_51.jdk/Contents/Home/jre/lib/resources.jar:/Library/Java/JavaVirtualMachines/jdk1.8.0_51.jdk/Contents/Home/jre/lib/rt.jar:/Library/Java/JavaVirtualMachines/jdk1.8.0_51.jdk/Contents/Home/jre/lib/ext/cldrdata.jar:/Library/Java/JavaVirtualMachines/jdk1.8.0_51.jdk/Contents/Home/jre/lib/ext/dnsns.jar:/Library/Java/JavaVirtualMachines/jdk1.8.0_51.jdk/Contents/Home/jre/lib/ext/jfxrt.jar:/Library/Java/JavaVirtualMachines/jdk1.8.0_51.jdk/Contents/Home/jre/lib/ext/localedata.jar:/Library/Java/JavaVirtualMachines/jdk1.8.0_51.jdk/Contents/Home/jre/lib/ext/nashorn.jar:/Library/Java/JavaVirtualMachines/jdk1.8.0_51.jdk/Conten
Launcher Type: SUN_STANDARD

Environment Variables:
PATH=/Users/evanllewellyn/.opam/system/bin:/usr/local/bin:/usr/bin:/bin:/usr/sbin:/sbin:/Users/evanllewellyn/.rvm/bin
SHELL=/bin/bash

Signal Handlers:
SIGSEGV: [libjvm.dylib+0x58ef35], sa_mask[0]=11111111011111110111111111111111, sa_flags=SA_ONSTACK|SA_RESTART|SA_SIGINFO
SIGBUS: [libjvm.dylib+0x58ef35], sa_mask[0]=11111111011111110111111111111111, sa_flags=SA_RESTART|SA_SIGINFO
SIGFPE: [libjvm.dylib+0x46c028], sa_mask[0]=11111111011111110111111111111111, sa_flags=SA_RESTART|SA_SIGINFO
SIGPIPE: [libjvm.dylib+0x46c028], sa_mask[0]=11111111011111110111111111111111, sa_flags=SA_RESTART|SA_SIGINFO
SIGXFSZ: [libjvm.dylib+0x46c028], sa_mask[0]=11111111011111110111111111111111, sa_flags=SA_RESTART|SA_SIGINFO
SIGILL: [libjvm.dylib+0x46c028], sa_mask[0]=11111111011111110111111111111111, sa_flags=SA_RESTART|SA_SIGINFO
SIGUSR1: SIG_DFL, sa_mask[0]=00000000000000000000000000000000, sa_flags=none
SIGUSR2: [libjvm.dylib+0x46bb46], sa_mask[0]=00100000000000000000000000000000, sa_flags=SA_RESTART|SA_SIGINFO
SIGHUP: [libjvm.dylib+0x46a119], sa_mask[0]=11111111011111110111111111111111, sa_flags=SA_RESTART|SA_SIGINFO
SIGINT: [libjvm.dylib+0x46a119], sa_mask[0]=11111111011111110111111111111111, sa_flags=SA_RESTART|SA_SIGINFO
SIGTERM: [libjvm.dylib+0x46a119], sa_mask[0]=11111111011111110111111111111111, sa_flags=SA_RESTART|SA_SIGINFO
SIGQUIT: [libjvm.dylib+0x46a119], sa_mask[0]=11111111011111110111111111111111, sa_flags=SA_RESTART|SA_SIGINFO


---------------  S Y S T E M  ---------------

OS:Bsduname:Darwin 14.3.0 Darwin Kernel Version 14.3.0: Mon Mar 23 11:59:05 PDT 2015; root:xnu-2782.20.48~5/RELEASE_X86_64 x86_64
rlimit: STACK 8192k, CORE 0k, NPROC 709, NOFILE 10240, AS infinity
load average:2.49 2.84 3.07

CPU:total 4 (2 cores per cpu, 2 threads per core) family 6 model 61 stepping 4, cmov, cx8, fxsr, mmx, sse, sse2, sse3, ssse3, sse4.1, sse4.2, popcnt, avx, avx2, aes, clmul, erms, 3dnowpref, lzcnt, ht, tsc, tscinvbit, bmi1, bmi2, adx

Memory: 4k page, physical 8388608k(18192k free)

/proc/meminfo:


vm_info: Java HotSpot(TM) 64-Bit Server VM (25.51-b03) for bsd-amd64 JRE (1.8.0_51-b16), built on Jun  8 2015 18:01:11 by "java_re" with gcc 4.2.1 (Based on Apple Inc. build 5658) (LLVM build 2336.11.00)

time: Thu Aug 27 00:46:00 2015
elapsed time: 1405 seconds (0d 0h 23m 25s)

